# JRE version: Java(TM) SE Runtime Environment (8.0_73-b02) (build 1.8.0_73-b02)
# Java VM: Java HotSpot(TM) 64-Bit Server VM (25.73-b02 mixed mode windows-amd64 compressed oops)
Heap:
 PSYoungGen      total 131072K, used 19268K [0x00000000eab00000, 0x00000000fbd00000, 0x0000000100000000)
  eden space 117248K, 12% used [0x00000000eab00000,0x00000000eb965810,0x00000000f1d80000)
  from space 13824K, 32% used [0x00000000f1d80000,0x00000000f21eba38,0x00000000f2b00000)
  to   space 23040K, 0% used [0x00000000fa680000,0x00000000fa680000,0x00000000fbd00000)
 ParOldGen       total 73728K, used 38161K [0x00000000c0000000, 0x00000000c4800000, 0x00000000eab00000)
  object space 73728K, 51% used [0x00000000c0000000,0x00000000c25446e8,0x00000000c4800000)
 Metaspace       used 7253K, capacity 7704K, committed 7936K, reserved 1056768K
  class space    used 675K, capacity 720K, committed 768K, reserved 1048576K
GC Heap History (10 events):
Event: 11.185 GC heap before
{Heap before GC invocations=4 (full 0):
 PSYoungGen      total 31744K, used 31729K [0x00000000eab00000, 0x00000000ee900000, 0x0000000100000000)
  eden space 29696K, 100% used [0x00000000eab00000,0x00000000ec800000,0x00000000ec800000)
  from space 2048K, 99% used [0x00000000ec800000,0x00000000ec9fc688,0x00000000eca00000)
  to   space 2048K, 0% used [0x00000000ee700000,0x00000000ee700000,0x00000000ee900000)
 ParOldGen       total 38400K, used 8321K [0x00000000c0000000, 0x00000000c2580000, 0x00000000eab00000)
  object space 38400K, 21% used [0x00000000c0000000,0x00000000c08205c0,0x00000000c2580000)
 Metaspace       used 6229K, capacity 7088K, committed 7296K, reserved 1056768K
  class space    used 602K, capacity 616K, committed 640K, reserved 1048576K
Event: 11.440 GC heap after
Heap after GC invocations=4 (full 0):
 PSYoungGen      total 61440K, used 2033K [0x00000000eab00000, 0x00000000ee900000, 0x0000000100000000)
  eden space 59392K, 0% used [0x00000000eab00000,0x00000000eab00000,0x00000000ee500000)
  from space 2048K, 99% used [0x00000000ee700000,0x00000000ee8fc688,0x00000000ee900000)
  to   space 2048K, 0% used [0x00000000ee500000,0x00000000ee500000,0x00000000ee700000)
 ParOldGen       total 38400K, used 12617K [0x00000000c0000000, 0x00000000c2580000, 0x00000000eab00000)
  object space 38400K, 32% used [0x00000000c0000000,0x00000000c0c525d0,0x00000000c2580000)
 Metaspace       used 6229K, capacity 7088K, committed 7296K, reserved 1056768K
  class space    used 602K, capacity 616K, committed 640K, reserved 1048576K
}
Event: 14.045 GC heap before
{Heap before GC invocations=5 (full 0):
 PSYoungGen      total 61440K, used 61425K [0x00000000eab00000, 0x00000000ee900000, 0x0000000100000000)
  eden space 59392K, 100% used [0x00000000eab00000,0x00000000ee500000,0x00000000ee500000)
  from space 2048K, 99% used [0x00000000ee700000,0x00000000ee8fc688,0x00000000ee900000)
  to   space 2048K, 0% used [0x00000000ee500000,0x00000000ee500000,0x00000000ee700000)
 ParOldGen       total 38400K, used 12617K [0x00000000c0000000, 0x00000000c2580000, 0x00000000eab00000)
  object space 38400K, 32% used [0x00000000c0000000,0x00000000c0c525d0,0x00000000c2580000)
 Metaspace       used 6372K, capacity 7192K, committed 7424K, reserved 1056768K
  class space    used 623K, capacity 656K, committed 768K, reserved 1048576K
Event: 14.226 GC heap after
Heap after GC invocations=5 (full 0):
 PSYoungGen      total 61440K, used 2045K [0x00000000eab00000, 0x00000000f3700000, 0x0000000100000000)
  eden space 59392K, 0% used [0x00000000eab00000,0x00000000eab00000,0x00000000ee500000)
  from space 2048K, 99% used [0x00000000ee500000,0x00000000ee6ff768,0x00000000ee700000)
  to   space 12288K, 0% used [0x00000000f2b00000,0x00000000f2b00000,0x00000000f3700000)
 ParOldGen       total 38400K, used 22316K [0x00000000c0000000, 0x00000000c2580000, 0x00000000eab00000)
  object space 38400K, 58% used [0x00000000c0000000,0x00000000c15cb358,0x00000000c2580000)
 Metaspace       used 6372K, capacity 7192K, committed 7424K, reserved 1056768K
  class space    used 623K, capacity 656K, committed 768K, reserved 1048576K
}
Event: 16.247 GC heap before
{Heap before GC invocations=6 (full 0):
 PSYoungGen      total 61440K, used 61437K [0x00000000eab00000, 0x00000000f3700000, 0x0000000100000000)
  eden space 59392K, 100% used [0x00000000eab00000,0x00000000ee500000,0x00000000ee500000)
  from space 2048K, 99% used [0x00000000ee500000,0x00000000ee6ff768,0x00000000ee700000)
  to   space 12288K, 0% used [0x00000000f2b00000,0x00000000f2b00000,0x00000000f3700000)
 ParOldGen       total 38400K, used 22316K [0x00000000c0000000, 0x00000000c2580000, 0x00000000eab00000)
  object space 38400K, 58% used [0x00000000c0000000,0x00000000c15cb358,0x00000000c2580000)
 Metaspace       used 6408K, capacity 7192K, committed 7424K, reserved 1056768K
  class space    used 623K, capacity 656K, committed 768K, reserved 1048576K
Event: 16.559 GC heap after
Heap after GC invocations=6 (full 0):
 PSYoungGen      total 129536K, used 10678K [0x00000000eab00000, 0x00000000f3a00000, 0x0000000100000000)
  eden space 117248K, 0% used [0x00000000eab00000,0x00000000eab00000,0x00000000f1d80000)
  from space 12288K, 86% used [0x00000000f2b00000,0x00000000f356db78,0x00000000f3700000)
  to   space 13824K, 0% used [0x00000000f1d80000,0x00000000f1d80000,0x00000000f2b00000)
 ParOldGen       total 38400K, used 22316K [0x00000000c0000000, 0x00000000c2580000, 0x00000000eab00000)
  object space 38400K, 58% used [0x00000000c0000000,0x00000000c15cb358,0x00000000c2580000)
 Metaspace       used 6408K, capacity 7192K, committed 7424K, reserved 1056768K
  class space    used 623K, capacity 656K, committed 768K, reserved 1048576K
}
Event: 20.572 GC heap before
{Heap before GC invocations=7 (full 0):
 PSYoungGen      total 129536K, used 127926K [0x00000000eab00000, 0x00000000f3a00000, 0x0000000100000000)
  eden space 117248K, 100% used [0x00000000eab00000,0x00000000f1d80000,0x00000000f1d80000)
  from space 12288K, 86% used [0x00000000f2b00000,0x00000000f356db78,0x00000000f3700000)
  to   space 13824K, 0% used [0x00000000f1d80000,0x00000000f1d80000,0x00000000f2b00000)
 ParOldGen       total 38400K, used 22316K [0x00000000c0000000, 0x00000000c2580000, 0x00000000eab00000)
  object space 38400K, 58% used [0x00000000c0000000,0x00000000c15cb358,0x00000000c2580000)
 Metaspace       used 6813K, capacity 7480K, committed 7680K, reserved 1056768K
  class space    used 642K, capacity 688K, committed 768K, reserved 1048576K
Event: 20.738 GC heap after
Heap after GC invocations=7 (full 0):
 PSYoungGen      total 131072K, used 13804K [0x00000000eab00000, 0x00000000fbd00000, 0x0000000100000000)
  eden space 117248K, 0% used [0x00000000eab00000,0x00000000eab00000,0x00000000f1d80000)
  from space 13824K, 99% used [0x00000000f1d80000,0x00000000f2afb2d8,0x00000000f2b00000)
  to   space 23040K, 0% used [0x00000000fa680000,0x00000000fa680000,0x00000000fbd00000)
 ParOldGen       total 38400K, used 36009K [0x00000000c0000000, 0x00000000c2580000, 0x00000000eab00000)
  object space 38400K, 93% used [0x00000000c0000000,0x00000000c232a600,0x00000000c2580000)
 Metaspace       used 6813K, capacity 7480K, committed 7680K, reserved 1056768K
  class space    used 642K, capacity 688K, committed 768K, reserved 1048576K
}
Event: 20.738 GC heap before
{Heap before GC invocations=8 (full 1):
 PSYoungGen      total 131072K, used 13804K [0x00000000eab00000, 0x00000000fbd00000, 0x0000000100000000)
  eden space 117248K, 0% used [0x00000000eab00000,0x00000000eab00000,0x00000000f1d80000)
  from space 13824K, 99% used [0x00000000f1d80000,0x00000000f2afb2d8,0x00000000f2b00000)
  to   space 23040K, 0% used [0x00000000fa680000,0x00000000fa680000,0x00000000fbd00000)
 ParOldGen       total 38400K, used 36009K [0x00000000c0000000, 0x00000000c2580000, 0x00000000eab00000)
  object space 38400K, 93% used [0x00000000c0000000,0x00000000c232a600,0x00000000c2580000)
 Metaspace       used 6813K, capacity 7480K, committed 7680K, reserved 1056768K
  class space    used 642K, capacity 688K, committed 768K, reserved 1048576K
Event: 22.321 GC heap after
Heap after GC invocations=8 (full 1):
 PSYoungGen      total 131072K, used 4526K [0x00000000eab00000, 0x00000000fbd00000, 0x0000000100000000)
  eden space 117248K, 0% used [0x00000000eab00000,0x00000000eab00000,0x00000000f1d80000)
  from space 13824K, 32% used [0x00000000f1d80000,0x00000000f21eba38,0x00000000f2b00000)
  to   space 23040K, 0% used [0x00000000fa680000,0x00000000fa680000,0x00000000fbd00000)
 ParOldGen       total 73728K, used 38161K [0x00000000c0000000, 0x00000000c4800000, 0x00000000eab00000)
  object space 73728K, 51% used [0x00000000c0000000,0x00000000c25446e8,0x00000000c4800000)
 Metaspace       used 6813K, capacity 7480K, committed 7680K, reserved 1056768K
  class space    used 642K, capacity 688K, committed 768K, reserved 1048576K
}

